{"name": "Проверка создания заказа пользователем", "status": "failed", "statusDetails": {"message": "AssertionError: assert 500 == 201\n +  where 500 = <Response [500]>.status_code", "trace": "self = <test_make_order.TestMakeOrder object at 0x000001FB6F354950>\npayload = {'address': 'city city, street street, building, 123', 'color': ['BLACK'], 'comment': 'No comments', 'deliveryDate': '2020-06-06', ...}\n\n    @pytest.mark.parametrize(\n        \"payload\",\n        [\n            generate_order([\"BLACK\"]),\n            generate_order([\"BLACK\", \"WHITE\"]),\n            generate_order(None),\n        ]\n    )\n    @allure.title('Проверка создания заказа пользователем')\n    def test_create_order(self, payload):\n        response = make_request_orders(payload)\n        data = response.json()\n    \n>       assert response.status_code == 201\nE       assert 500 == 201\nE        +  where 500 = <Response [500]>.status_code\n\ntests\\test_make_order.py:22: AssertionError"}, "parameters": [{"name": "payload", "value": "{'firstName': 'Dima', 'lastName': 'Dima', 'address': 'city city, street street, building, 123', 'metroStation': 4, 'phone': '+7 800 355 35 35', 'rentTime': 5, 'deliveryDate': '2020-06-06', 'comment': 'No comments', 'color': ['BLACK']}"}], "start": 1722200242495, "stop": 1722200242553, "uuid": "088221af-f24a-407b-b41b-c5050b1fd91c", "historyId": "e7318e06fb22010e716cbf586f0717fd", "testCaseId": "849639f6c4181d75b47c2c716e3eefc1", "fullName": "tests.test_make_order.TestMakeOrder#test_create_order", "labels": [{"name": "parentSuite", "value": "tests"}, {"name": "suite", "value": "test_make_order"}, {"name": "subSuite", "value": "TestMakeOrder"}, {"name": "host", "value": "DTALS"}, {"name": "thread", "value": "12476-MainThread"}, {"name": "framework", "value": "pytest"}, {"name": "language", "value": "cpython3"}, {"name": "package", "value": "tests.test_make_order"}]}